c:\users\eric1\onedrive\escritorio\universidad\.tfg\notkaz\notkaz\mimilove\win32\vc141.pdb
c:\users\eric1\onedrive\escritorio\universidad\.tfg\notkaz\notkaz\mimilove\win32\mimilove.obj
c:\users\eric1\onedrive\escritorio\universidad\.tfg\notkaz\notkaz\mimilove\win32\kull_m_string.obj
c:\users\eric1\onedrive\escritorio\universidad\.tfg\notkaz\notkaz\mimilove\win32\kull_m_process.obj
c:\users\eric1\onedrive\escritorio\universidad\.tfg\notkaz\notkaz\mimilove\win32\kull_m_output.obj
c:\users\eric1\onedrive\escritorio\universidad\.tfg\notkaz\notkaz\mimilove\win32\kull_m_minidump.obj
c:\users\eric1\onedrive\escritorio\universidad\.tfg\notkaz\notkaz\mimilove\win32\kull_m_memory.obj
c:\users\eric1\onedrive\escritorio\universidad\.tfg\notkaz\notkaz\mimilove\win32\kull_m_kernel.obj
c:\users\eric1\onedrive\escritorio\universidad\.tfg\mimikatz\mimikatz\mimilove\win32\vc141.pdb
c:\users\eric1\onedrive\escritorio\universidad\.tfg\mimikatz\mimikatz\mimilove\win32\mimilove.obj
c:\users\eric1\onedrive\escritorio\universidad\.tfg\mimikatz\mimikatz\mimilove\win32\kull_m_string.obj
c:\users\eric1\onedrive\escritorio\universidad\.tfg\mimikatz\mimikatz\mimilove\win32\kull_m_process.obj
c:\users\eric1\onedrive\escritorio\universidad\.tfg\mimikatz\mimikatz\mimilove\win32\kull_m_output.obj
c:\users\eric1\onedrive\escritorio\universidad\.tfg\mimikatz\mimikatz\mimilove\win32\kull_m_minidump.obj
c:\users\eric1\onedrive\escritorio\universidad\.tfg\mimikatz\mimikatz\mimilove\win32\kull_m_memory.obj
c:\users\eric1\onedrive\escritorio\universidad\.tfg\mimikatz\mimikatz\mimilove\win32\kull_m_kernel.obj
c:\users\eric1\onedrive\escritorio\universidad\.tfg\notkaz\notkaz\win32\mimilove.exe
c:\users\eric1\onedrive\escritorio\universidad\.tfg\mimikatz\mimikatz\win32\mimilove.exe
c:\users\eric1\onedrive\escritorio\universidad\.tfg\notkaz\notkaz\mimilove\win32\mimilove.res
c:\users\eric1\onedrive\escritorio\universidad\.tfg\mimikatz\mimikatz\mimilove\win32\mimilove.res
c:\users\eric1\onedrive\escritorio\universidad\.tfg\copia_de_seguridad_mimikatz\githubtfg\mimilove\win32\kull_m_kernel.obj
c:\users\eric1\onedrive\escritorio\universidad\.tfg\copia_de_seguridad_mimikatz\githubtfg\mimilove\win32\kull_m_memory.obj
c:\users\eric1\onedrive\escritorio\universidad\.tfg\copia_de_seguridad_mimikatz\githubtfg\mimilove\win32\kull_m_minidump.obj
c:\users\eric1\onedrive\escritorio\universidad\.tfg\copia_de_seguridad_mimikatz\githubtfg\mimilove\win32\kull_m_output.obj
c:\users\eric1\onedrive\escritorio\universidad\.tfg\copia_de_seguridad_mimikatz\githubtfg\mimilove\win32\kull_m_process.obj
c:\users\eric1\onedrive\escritorio\universidad\.tfg\copia_de_seguridad_mimikatz\githubtfg\mimilove\win32\kull_m_string.obj
c:\users\eric1\onedrive\escritorio\universidad\.tfg\copia_de_seguridad_mimikatz\githubtfg\mimilove\win32\mimilove.obj
c:\users\eric1\onedrive\escritorio\universidad\.tfg\copia_de_seguridad_mimikatz\githubtfg\mimilove\win32\mimilove.res
c:\users\eric1\onedrive\escritorio\universidad\.tfg\copia_de_seguridad_mimikatz\githubtfg\mimilove\win32\vc141.pdb
c:\users\eric1\onedrive\escritorio\universidad\.tfg\copia_de_seguridad_mimikatz\githubtfg\win32\mimilove.exe
c:\users\eric1\onedrive\escritorio\universidad\.tfg\copia_de_seguridad_mimikatz\githubtfg\mimilove\win32\mimilove.tlog\cl.command.1.tlog
c:\users\eric1\onedrive\escritorio\universidad\.tfg\copia_de_seguridad_mimikatz\githubtfg\mimilove\win32\mimilove.tlog\cl.read.1.tlog
c:\users\eric1\onedrive\escritorio\universidad\.tfg\copia_de_seguridad_mimikatz\githubtfg\mimilove\win32\mimilove.tlog\cl.write.1.tlog
c:\users\eric1\onedrive\escritorio\universidad\.tfg\copia_de_seguridad_mimikatz\githubtfg\mimilove\win32\mimilove.tlog\link.command.1.tlog
c:\users\eric1\onedrive\escritorio\universidad\.tfg\copia_de_seguridad_mimikatz\githubtfg\mimilove\win32\mimilove.tlog\link.read.1.tlog
c:\users\eric1\onedrive\escritorio\universidad\.tfg\copia_de_seguridad_mimikatz\githubtfg\mimilove\win32\mimilove.tlog\link.write.1.tlog
c:\users\eric1\onedrive\escritorio\universidad\.tfg\copia_de_seguridad_mimikatz\githubtfg\mimilove\win32\mimilove.tlog\rc.command.1.tlog
c:\users\eric1\onedrive\escritorio\universidad\.tfg\copia_de_seguridad_mimikatz\githubtfg\mimilove\win32\mimilove.tlog\rc.read.1.tlog
c:\users\eric1\onedrive\escritorio\universidad\.tfg\copia_de_seguridad_mimikatz\githubtfg\mimilove\win32\mimilove.tlog\rc.write.1.tlog
