c:\users\eric1\onedrive\escritorio\universidad\.tfg\copia_de_seguridad_mimikatz\guardado\mimikatz\notkaz\x64\vc143.pdb
c:\users\eric1\onedrive\escritorio\universidad\.tfg\copia_de_seguridad_mimikatz\guardado\mimikatz\notkaz\x64\kull_m_output.obj
c:\users\eric1\onedrive\escritorio\universidad\.tfg\copia_de_seguridad_mimikatz\guardado\mimikatz\notkaz\x64\kull_m_minidump.obj
c:\users\eric1\onedrive\escritorio\universidad\.tfg\copia_de_seguridad_mimikatz\guardado\mimikatz\notkaz\x64\kull_m_memory.obj
c:\users\eric1\onedrive\escritorio\universidad\.tfg\copia_de_seguridad_mimikatz\guardado\mimikatz\notkaz\x64\kull_m_net.obj
c:\users\eric1\onedrive\escritorio\universidad\.tfg\copia_de_seguridad_mimikatz\guardado\mimikatz\notkaz\x64\kull_m_ldap.obj
c:\users\eric1\onedrive\escritorio\universidad\.tfg\copia_de_seguridad_mimikatz\guardado\mimikatz\notkaz\x64\kull_m_key.obj
c:\users\eric1\onedrive\escritorio\universidad\.tfg\copia_de_seguridad_mimikatz\guardado\mimikatz\notkaz\x64\kull_m_kernel.obj
c:\users\eric1\onedrive\escritorio\universidad\.tfg\copia_de_seguridad_mimikatz\guardado\mimikatz\notkaz\x64\kull_m_hid.obj
c:\users\eric1\onedrive\escritorio\universidad\.tfg\copia_de_seguridad_mimikatz\guardado\mimikatz\notkaz\x64\kull_m_handle.obj
c:\users\eric1\onedrive\escritorio\universidad\.tfg\copia_de_seguridad_mimikatz\guardado\mimikatz\notkaz\x64\kull_m_file.obj
c:\users\eric1\onedrive\escritorio\universidad\.tfg\copia_de_seguridad_mimikatz\guardado\mimikatz\notkaz\x64\kull_m_dpapi.obj
c:\users\eric1\onedrive\escritorio\universidad\.tfg\copia_de_seguridad_mimikatz\guardado\mimikatz\notkaz\x64\kull_m_crypto_sk.obj
c:\users\eric1\onedrive\escritorio\universidad\.tfg\copia_de_seguridad_mimikatz\guardado\mimikatz\notkaz\x64\kull_m_crypto_remote.obj
c:\users\eric1\onedrive\escritorio\universidad\.tfg\copia_de_seguridad_mimikatz\guardado\mimikatz\notkaz\x64\kull_m_crypto_ngc.obj
c:\users\eric1\onedrive\escritorio\universidad\.tfg\copia_de_seguridad_mimikatz\guardado\mimikatz\notkaz\x64\kull_m_crypto.obj
c:\users\eric1\onedrive\escritorio\universidad\.tfg\copia_de_seguridad_mimikatz\guardado\mimikatz\notkaz\x64\kull_m_cred.obj
c:\users\eric1\onedrive\escritorio\universidad\.tfg\copia_de_seguridad_mimikatz\guardado\mimikatz\notkaz\x64\kull_m_cabinet.obj
c:\users\eric1\onedrive\escritorio\universidad\.tfg\copia_de_seguridad_mimikatz\guardado\mimikatz\notkaz\x64\kull_m_busylight.obj
c:\users\eric1\onedrive\escritorio\universidad\.tfg\copia_de_seguridad_mimikatz\guardado\mimikatz\notkaz\x64\kull_m_asn1.obj
c:\users\eric1\onedrive\escritorio\universidad\.tfg\copia_de_seguridad_mimikatz\guardado\mimikatz\notkaz\x64\kull_m_acr.obj
c:\users\eric1\onedrive\escritorio\universidad\.tfg\copia_de_seguridad_mimikatz\guardado\mimikatz\notkaz\x64\kull_m_rpc_ms-nrpc_c.obj
c:\users\eric1\onedrive\escritorio\universidad\.tfg\copia_de_seguridad_mimikatz\guardado\mimikatz\notkaz\x64\kull_m_rpc_ms-efsr_c.obj
c:\users\eric1\onedrive\escritorio\universidad\.tfg\copia_de_seguridad_mimikatz\guardado\mimikatz\notkaz\x64\kull_m_rpc_ms-drsr_c.obj
c:\users\eric1\onedrive\escritorio\universidad\.tfg\copia_de_seguridad_mimikatz\guardado\mimikatz\notkaz\x64\kull_m_rpc_ms-dcom_iobjectexporter_c.obj
c:\users\eric1\onedrive\escritorio\universidad\.tfg\copia_de_seguridad_mimikatz\guardado\mimikatz\notkaz\x64\kull_m_rpc_ms-credentialkeys.obj
c:\users\eric1\onedrive\escritorio\universidad\.tfg\copia_de_seguridad_mimikatz\guardado\mimikatz\notkaz\x64\kull_m_rpc_ms-claims.obj
c:\users\eric1\onedrive\escritorio\universidad\.tfg\copia_de_seguridad_mimikatz\guardado\mimikatz\notkaz\x64\kull_m_rpc_ms-bkrp_c.obj
c:\users\eric1\onedrive\escritorio\universidad\.tfg\copia_de_seguridad_mimikatz\guardado\mimikatz\notkaz\x64\kull_m_rpc_mimicom.obj
c:\users\eric1\onedrive\escritorio\universidad\.tfg\copia_de_seguridad_mimikatz\guardado\mimikatz\notkaz\x64\kull_m_rpc_drsr.obj
c:\users\eric1\onedrive\escritorio\universidad\.tfg\copia_de_seguridad_mimikatz\guardado\mimikatz\notkaz\x64\kull_m_rpc_dpapi-entries.obj
c:\users\eric1\onedrive\escritorio\universidad\.tfg\copia_de_seguridad_mimikatz\guardado\mimikatz\notkaz\x64\kull_m_rpc_bkrp.obj
c:\users\eric1\onedrive\escritorio\universidad\.tfg\copia_de_seguridad_mimikatz\guardado\mimikatz\notkaz\x64\kull_m_rpc.obj
c:\users\eric1\onedrive\escritorio\universidad\.tfg\copia_de_seguridad_mimikatz\guardado\mimikatz\notkaz\x64\kull_m_sr98.obj
c:\users\eric1\onedrive\escritorio\universidad\.tfg\copia_de_seguridad_mimikatz\guardado\mimikatz\notkaz\x64\kull_m_remotelib.obj
c:\users\eric1\onedrive\escritorio\universidad\.tfg\copia_de_seguridad_mimikatz\guardado\mimikatz\notkaz\x64\kull_m_registry.obj
c:\users\eric1\onedrive\escritorio\universidad\.tfg\copia_de_seguridad_mimikatz\guardado\mimikatz\notkaz\x64\kull_m_rdm.obj
c:\users\eric1\onedrive\escritorio\universidad\.tfg\copia_de_seguridad_mimikatz\guardado\mimikatz\notkaz\x64\kull_m_process.obj
c:\users\eric1\onedrive\escritorio\universidad\.tfg\copia_de_seguridad_mimikatz\guardado\mimikatz\notkaz\x64\kull_m_pn532.obj
c:\users\eric1\onedrive\escritorio\universidad\.tfg\copia_de_seguridad_mimikatz\guardado\mimikatz\notkaz\x64\kull_m_pipe.obj
c:\users\eric1\onedrive\escritorio\universidad\.tfg\copia_de_seguridad_mimikatz\guardado\mimikatz\notkaz\x64\kull_m_patch.obj
c:\users\eric1\onedrive\escritorio\universidad\.tfg\copia_de_seguridad_mimikatz\guardado\mimikatz\notkaz\x64\kuhl_m_dpapi_keys.obj
c:\users\eric1\onedrive\escritorio\universidad\.tfg\copia_de_seguridad_mimikatz\guardado\mimikatz\notkaz\x64\kuhl_m_dpapi_creds.obj
c:\users\eric1\onedrive\escritorio\universidad\.tfg\copia_de_seguridad_mimikatz\guardado\mimikatz\notkaz\x64\kuhl_m_dpapi_cloudap.obj
c:\users\eric1\onedrive\escritorio\universidad\.tfg\copia_de_seguridad_mimikatz\guardado\mimikatz\notkaz\x64\kuhl_m_dpapi_citrix.obj
c:\users\eric1\onedrive\escritorio\universidad\.tfg\copia_de_seguridad_mimikatz\guardado\mimikatz\notkaz\x64\kuhl_m_dpapi_chrome.obj
c:\users\eric1\onedrive\escritorio\universidad\.tfg\copia_de_seguridad_mimikatz\guardado\mimikatz\notkaz\x64\kuhl_m_dpapi_oe.obj
c:\users\eric1\onedrive\escritorio\universidad\.tfg\copia_de_seguridad_mimikatz\guardado\mimikatz\notkaz\x64\kuhl_m_dpapi.obj
c:\users\eric1\onedrive\escritorio\universidad\.tfg\copia_de_seguridad_mimikatz\guardado\mimikatz\notkaz\x64\kuhl_m_crypto_sc.obj
c:\users\eric1\onedrive\escritorio\universidad\.tfg\copia_de_seguridad_mimikatz\guardado\mimikatz\notkaz\x64\kuhl_m_crypto_pki.obj
c:\users\eric1\onedrive\escritorio\universidad\.tfg\copia_de_seguridad_mimikatz\guardado\mimikatz\notkaz\x64\kuhl_m_crypto_patch.obj
c:\users\eric1\onedrive\escritorio\universidad\.tfg\copia_de_seguridad_mimikatz\guardado\mimikatz\notkaz\x64\kuhl_m_crypto_extractor.obj
c:\users\eric1\onedrive\escritorio\universidad\.tfg\copia_de_seguridad_mimikatz\guardado\mimikatz\notkaz\x64\notkaz.obj
c:\users\eric1\onedrive\escritorio\universidad\.tfg\copia_de_seguridad_mimikatz\guardado\mimikatz\notkaz\x64\kull_m_rpc_ms-rprn.obj
c:\users\eric1\onedrive\escritorio\universidad\.tfg\copia_de_seguridad_mimikatz\guardado\mimikatz\notkaz\x64\kull_m_rpc_ms-par_c.obj
c:\users\eric1\onedrive\escritorio\universidad\.tfg\copia_de_seguridad_mimikatz\guardado\mimikatz\notkaz\x64\kull_m_xml.obj
c:\users\eric1\onedrive\escritorio\universidad\.tfg\copia_de_seguridad_mimikatz\guardado\mimikatz\notkaz\x64\kull_m_token.obj
c:\users\eric1\onedrive\escritorio\universidad\.tfg\copia_de_seguridad_mimikatz\guardado\mimikatz\notkaz\x64\kull_m_string.obj
c:\users\eric1\onedrive\escritorio\universidad\.tfg\copia_de_seguridad_mimikatz\guardado\mimikatz\notkaz\x64\kull_m_service.obj
c:\users\eric1\onedrive\escritorio\universidad\.tfg\copia_de_seguridad_mimikatz\guardado\mimikatz\notkaz\x64\kull_m_rpc_ms-pac.obj
c:\users\eric1\onedrive\escritorio\universidad\.tfg\copia_de_seguridad_mimikatz\guardado\mimikatz\notkaz\x64\kull_m_rpc_ms-odj.obj
c:\users\eric1\onedrive\escritorio\universidad\.tfg\copia_de_seguridad_mimikatz\guardado\mimikatz\notkaz\x64\kuhl_m_misc.obj
c:\users\eric1\onedrive\escritorio\universidad\.tfg\copia_de_seguridad_mimikatz\guardado\mimikatz\notkaz\x64\kuhl_m_pmudsal_remote.obj
c:\users\eric1\onedrive\escritorio\universidad\.tfg\copia_de_seguridad_mimikatz\guardado\mimikatz\notkaz\x64\kuhl_m_pmudsal.obj
c:\users\eric1\onedrive\escritorio\universidad\.tfg\copia_de_seguridad_mimikatz\guardado\mimikatz\notkaz\x64\kuhl_m_kernel.obj
c:\users\eric1\onedrive\escritorio\universidad\.tfg\copia_de_seguridad_mimikatz\guardado\mimikatz\notkaz\x64\kuhl_m_iis.obj
c:\users\eric1\onedrive\escritorio\universidad\.tfg\copia_de_seguridad_mimikatz\guardado\mimikatz\notkaz\x64\kuhl_m_event.obj
c:\users\eric1\onedrive\escritorio\universidad\.tfg\copia_de_seguridad_mimikatz\guardado\mimikatz\notkaz\x64\kuhl_m_crypto.obj
c:\users\eric1\onedrive\escritorio\universidad\.tfg\copia_de_seguridad_mimikatz\guardado\mimikatz\notkaz\x64\kuhl_m_busylight.obj
c:\users\eric1\onedrive\escritorio\universidad\.tfg\copia_de_seguridad_mimikatz\guardado\mimikatz\notkaz\x64\kuhl_m_acr.obj
c:\users\eric1\onedrive\escritorio\universidad\.tfg\copia_de_seguridad_mimikatz\guardado\mimikatz\notkaz\x64\kuhl_m_kerberos_ticket.obj
c:\users\eric1\onedrive\escritorio\universidad\.tfg\copia_de_seguridad_mimikatz\guardado\mimikatz\notkaz\x64\kuhl_m_kerberos_pac.obj
c:\users\eric1\onedrive\escritorio\universidad\.tfg\copia_de_seguridad_mimikatz\guardado\mimikatz\notkaz\x64\kuhl_m_kerberos_claims.obj
c:\users\eric1\onedrive\escritorio\universidad\.tfg\copia_de_seguridad_mimikatz\guardado\mimikatz\notkaz\x64\kuhl_m_kerberos_ccache.obj
c:\users\eric1\onedrive\escritorio\universidad\.tfg\copia_de_seguridad_mimikatz\guardado\mimikatz\notkaz\x64\kuhl_m_kerberos.obj
c:\users\eric1\onedrive\escritorio\universidad\.tfg\copia_de_seguridad_mimikatz\guardado\mimikatz\notkaz\x64\kuhl_m_dpapi_wlan.obj
c:\users\eric1\onedrive\escritorio\universidad\.tfg\copia_de_seguridad_mimikatz\guardado\mimikatz\notkaz\x64\kuhl_m_dpapi_ssh.obj
c:\users\eric1\onedrive\escritorio\universidad\.tfg\copia_de_seguridad_mimikatz\guardado\mimikatz\notkaz\x64\kuhl_m_dpapi_sccm.obj
c:\users\eric1\onedrive\escritorio\universidad\.tfg\copia_de_seguridad_mimikatz\guardado\mimikatz\notkaz\x64\kuhl_m_dpapi_rdg.obj
c:\users\eric1\onedrive\escritorio\universidad\.tfg\copia_de_seguridad_mimikatz\guardado\mimikatz\notkaz\x64\kuhl_m_dpapi_powershell.obj
c:\users\eric1\onedrive\escritorio\universidad\.tfg\copia_de_seguridad_mimikatz\guardado\mimikatz\notkaz\x64\kuhl_m_dpapi_lunahsm.obj
c:\users\eric1\onedrive\escritorio\universidad\.tfg\copia_de_seguridad_mimikatz\guardado\mimikatz\notkaz\x64\kuhl_m_sekurlsa_nt5.obj
c:\users\eric1\onedrive\escritorio\universidad\.tfg\copia_de_seguridad_mimikatz\guardado\mimikatz\notkaz\x64\kuhl_m_ngc.obj
c:\users\eric1\onedrive\escritorio\universidad\.tfg\copia_de_seguridad_mimikatz\guardado\mimikatz\notkaz\x64\kuhl_m_misc_djoin.obj
c:\users\eric1\onedrive\escritorio\universidad\.tfg\copia_de_seguridad_mimikatz\guardado\mimikatz\notkaz\x64\kuhl_m_misc_citrix.obj
c:\users\eric1\onedrive\escritorio\universidad\.tfg\copia_de_seguridad_mimikatz\guardado\mimikatz\notkaz\x64\kuhl_m_pmudsal_dc.obj
c:\users\eric1\onedrive\escritorio\universidad\.tfg\copia_de_seguridad_mimikatz\guardado\mimikatz\notkaz\x64\kuhl_m_minesweeper.obj
c:\users\eric1\onedrive\escritorio\universidad\.tfg\copia_de_seguridad_mimikatz\guardado\mimikatz\notkaz\x64\kuhl_m_vault.obj
c:\users\eric1\onedrive\escritorio\universidad\.tfg\copia_de_seguridad_mimikatz\guardado\mimikatz\notkaz\x64\kuhl_m_ts.obj
c:\users\eric1\onedrive\escritorio\universidad\.tfg\copia_de_seguridad_mimikatz\guardado\mimikatz\notkaz\x64\kuhl_m_token.obj
c:\users\eric1\onedrive\escritorio\universidad\.tfg\copia_de_seguridad_mimikatz\guardado\mimikatz\notkaz\x64\kuhl_m_sysenvvalue.obj
c:\users\eric1\onedrive\escritorio\universidad\.tfg\copia_de_seguridad_mimikatz\guardado\mimikatz\notkaz\x64\kuhl_m_standard.obj
c:\users\eric1\onedrive\escritorio\universidad\.tfg\copia_de_seguridad_mimikatz\guardado\mimikatz\notkaz\x64\kuhl_m_sid.obj
c:\users\eric1\onedrive\escritorio\universidad\.tfg\copia_de_seguridad_mimikatz\guardado\mimikatz\notkaz\x64\kuhl_m_service_remote.obj
c:\users\eric1\onedrive\escritorio\universidad\.tfg\copia_de_seguridad_mimikatz\guardado\mimikatz\notkaz\x64\kuhl_m_service.obj
c:\users\eric1\onedrive\escritorio\universidad\.tfg\copia_de_seguridad_mimikatz\guardado\mimikatz\notkaz\x64\kuhl_m_rpc.obj
c:\users\eric1\onedrive\escritorio\universidad\.tfg\copia_de_seguridad_mimikatz\guardado\mimikatz\notkaz\x64\kuhl_m_sr98.obj
c:\users\eric1\onedrive\escritorio\universidad\.tfg\copia_de_seguridad_mimikatz\guardado\mimikatz\notkaz\x64\kuhl_m_rdm.obj
c:\users\eric1\onedrive\escritorio\universidad\.tfg\copia_de_seguridad_mimikatz\guardado\mimikatz\notkaz\x64\kuhl_m_process.obj
c:\users\eric1\onedrive\escritorio\universidad\.tfg\copia_de_seguridad_mimikatz\guardado\mimikatz\notkaz\x64\kuhl_m_privilege.obj
c:\users\eric1\onedrive\escritorio\universidad\.tfg\copia_de_seguridad_mimikatz\guardado\mimikatz\notkaz\x64\kuhl_m_net.obj
c:\users\eric1\onedrive\escritorio\universidad\.tfg\copia_de_seguridad_mimikatz\guardado\mimikatz\notkaz\x64\kuhl_m_sekurlsa_wdigest.obj
c:\users\eric1\onedrive\escritorio\universidad\.tfg\copia_de_seguridad_mimikatz\guardado\mimikatz\notkaz\x64\kuhl_m_sekurlsa_tspkg.obj
c:\users\eric1\onedrive\escritorio\universidad\.tfg\copia_de_seguridad_mimikatz\guardado\mimikatz\notkaz\x64\kuhl_m_sekurlsa_ssp.obj
c:\users\eric1\onedrive\escritorio\universidad\.tfg\copia_de_seguridad_mimikatz\guardado\mimikatz\notkaz\x64\kuhl_m_sekurlsa_msv1_0.obj
c:\users\eric1\onedrive\escritorio\universidad\.tfg\copia_de_seguridad_mimikatz\guardado\mimikatz\notkaz\x64\kuhl_m_sekurlsa_livessp.obj
c:\users\eric1\onedrive\escritorio\universidad\.tfg\copia_de_seguridad_mimikatz\guardado\mimikatz\notkaz\x64\kuhl_m_sekurlsa_kerberos.obj
c:\users\eric1\onedrive\escritorio\universidad\.tfg\copia_de_seguridad_mimikatz\guardado\mimikatz\notkaz\x64\kuhl_m_sekurlsa_dpapi.obj
c:\users\eric1\onedrive\escritorio\universidad\.tfg\copia_de_seguridad_mimikatz\guardado\mimikatz\notkaz\x64\kuhl_m_sekurlsa_credman.obj
c:\users\eric1\onedrive\escritorio\universidad\.tfg\copia_de_seguridad_mimikatz\guardado\mimikatz\notkaz\x64\kuhl_m_sekurlsa_cloudap.obj
c:\users\eric1\onedrive\escritorio\universidad\.tfg\copia_de_seguridad_mimikatz\guardado\mimikatz\notkaz\x64\kuhl_m_sekurlsa_utils.obj
c:\users\eric1\onedrive\escritorio\universidad\.tfg\copia_de_seguridad_mimikatz\guardado\mimikatz\notkaz\x64\kuhl_m_sekurlsa_sk.obj
c:\users\eric1\onedrive\escritorio\universidad\.tfg\copia_de_seguridad_mimikatz\guardado\mimikatz\notkaz\x64\kuhl_m_sekurlsa.obj
c:\users\eric1\onedrive\escritorio\universidad\.tfg\copia_de_seguridad_mimikatz\guardado\mimikatz\notkaz\x64\kuhl_m_sekurlsa_nt6.obj
c:\users\eric1\onedrive\escritorio\universidad\.tfg\copia_de_seguridad_mimikatz\guardado\mimikatz\notkaz\x64\sqlite3.obj
c:\users\eric1\onedrive\escritorio\universidad\.tfg\copia_de_seguridad_mimikatz\guardado\mimikatz\x64\notkaz.exe
c:\users\eric1\onedrive\escritorio\universidad\.tfg\copia_de_seguridad_mimikatz\guardado\mimikatz\notkaz\x64\notkaz.res
c:\users\eric1\onedrive\escritorio\universidad\.tfg\copia_de_seguridad_mimikatz\guardado\mimikatz\notkaz\x64\notkaz.iobj
c:\users\eric1\onedrive\escritorio\universidad\.tfg\copia_de_seguridad_mimikatz\guardado\mimikatz\notkaz\x64\notkaz.tlog\cl.command.1.tlog
c:\users\eric1\onedrive\escritorio\universidad\.tfg\copia_de_seguridad_mimikatz\guardado\mimikatz\notkaz\x64\notkaz.tlog\cl.items.tlog
c:\users\eric1\onedrive\escritorio\universidad\.tfg\copia_de_seguridad_mimikatz\guardado\mimikatz\notkaz\x64\notkaz.tlog\cl.read.1.tlog
c:\users\eric1\onedrive\escritorio\universidad\.tfg\copia_de_seguridad_mimikatz\guardado\mimikatz\notkaz\x64\notkaz.tlog\cl.write.1.tlog
c:\users\eric1\onedrive\escritorio\universidad\.tfg\copia_de_seguridad_mimikatz\guardado\mimikatz\notkaz\x64\notkaz.tlog\link.command.1.tlog
c:\users\eric1\onedrive\escritorio\universidad\.tfg\copia_de_seguridad_mimikatz\guardado\mimikatz\notkaz\x64\notkaz.tlog\link.read.1.tlog
c:\users\eric1\onedrive\escritorio\universidad\.tfg\copia_de_seguridad_mimikatz\guardado\mimikatz\notkaz\x64\notkaz.tlog\link.secondary.1.tlog
c:\users\eric1\onedrive\escritorio\universidad\.tfg\copia_de_seguridad_mimikatz\guardado\mimikatz\notkaz\x64\notkaz.tlog\link.write.1.tlog
c:\users\eric1\onedrive\escritorio\universidad\.tfg\copia_de_seguridad_mimikatz\guardado\mimikatz\notkaz\x64\notkaz.tlog\rc.command.1.tlog
c:\users\eric1\onedrive\escritorio\universidad\.tfg\copia_de_seguridad_mimikatz\guardado\mimikatz\notkaz\x64\notkaz.tlog\rc.read.1.tlog
c:\users\eric1\onedrive\escritorio\universidad\.tfg\copia_de_seguridad_mimikatz\guardado\mimikatz\notkaz\x64\notkaz.tlog\rc.write.1.tlog
