c:\users\eric1\onedrive\escritorio\universidad\.tfg\copia_de_seguridad_mimikatz\guardado\mimikatz\NoTKaZ\x64\vc143.pdb
c:\users\eric1\onedrive\escritorio\universidad\.tfg\copia_de_seguridad_mimikatz\guardado\mimikatz\NoTKaZ\x64\kull_m_output.obj
c:\users\eric1\onedrive\escritorio\universidad\.tfg\copia_de_seguridad_mimikatz\guardado\mimikatz\NoTKaZ\x64\kull_m_minidump.obj
c:\users\eric1\onedrive\escritorio\universidad\.tfg\copia_de_seguridad_mimikatz\guardado\mimikatz\NoTKaZ\x64\kull_m_memory.obj
c:\users\eric1\onedrive\escritorio\universidad\.tfg\copia_de_seguridad_mimikatz\guardado\mimikatz\NoTKaZ\x64\kull_m_net.obj
c:\users\eric1\onedrive\escritorio\universidad\.tfg\copia_de_seguridad_mimikatz\guardado\mimikatz\NoTKaZ\x64\kull_m_ldap.obj
c:\users\eric1\onedrive\escritorio\universidad\.tfg\copia_de_seguridad_mimikatz\guardado\mimikatz\NoTKaZ\x64\kull_m_key.obj
c:\users\eric1\onedrive\escritorio\universidad\.tfg\copia_de_seguridad_mimikatz\guardado\mimikatz\NoTKaZ\x64\kull_m_kernel.obj
c:\users\eric1\onedrive\escritorio\universidad\.tfg\copia_de_seguridad_mimikatz\guardado\mimikatz\NoTKaZ\x64\kull_m_hid.obj
c:\users\eric1\onedrive\escritorio\universidad\.tfg\copia_de_seguridad_mimikatz\guardado\mimikatz\NoTKaZ\x64\kull_m_handle.obj
c:\users\eric1\onedrive\escritorio\universidad\.tfg\copia_de_seguridad_mimikatz\guardado\mimikatz\NoTKaZ\x64\kull_m_file.obj
c:\users\eric1\onedrive\escritorio\universidad\.tfg\copia_de_seguridad_mimikatz\guardado\mimikatz\NoTKaZ\x64\kull_m_dpapi.obj
c:\users\eric1\onedrive\escritorio\universidad\.tfg\copia_de_seguridad_mimikatz\guardado\mimikatz\NoTKaZ\x64\kull_m_crypto_sk.obj
c:\users\eric1\onedrive\escritorio\universidad\.tfg\copia_de_seguridad_mimikatz\guardado\mimikatz\NoTKaZ\x64\kull_m_crypto_remote.obj
c:\users\eric1\onedrive\escritorio\universidad\.tfg\copia_de_seguridad_mimikatz\guardado\mimikatz\NoTKaZ\x64\kull_m_crypto_ngc.obj
c:\users\eric1\onedrive\escritorio\universidad\.tfg\copia_de_seguridad_mimikatz\guardado\mimikatz\NoTKaZ\x64\kull_m_crypto.obj
c:\users\eric1\onedrive\escritorio\universidad\.tfg\copia_de_seguridad_mimikatz\guardado\mimikatz\NoTKaZ\x64\kull_m_cred.obj
c:\users\eric1\onedrive\escritorio\universidad\.tfg\copia_de_seguridad_mimikatz\guardado\mimikatz\NoTKaZ\x64\kull_m_cabinet.obj
c:\users\eric1\onedrive\escritorio\universidad\.tfg\copia_de_seguridad_mimikatz\guardado\mimikatz\NoTKaZ\x64\kull_m_busylight.obj
c:\users\eric1\onedrive\escritorio\universidad\.tfg\copia_de_seguridad_mimikatz\guardado\mimikatz\NoTKaZ\x64\kull_m_asn1.obj
c:\users\eric1\onedrive\escritorio\universidad\.tfg\copia_de_seguridad_mimikatz\guardado\mimikatz\NoTKaZ\x64\kull_m_acr.obj
c:\users\eric1\onedrive\escritorio\universidad\.tfg\copia_de_seguridad_mimikatz\guardado\mimikatz\NoTKaZ\x64\kull_m_rpc_ms-nrpc_c.obj
c:\users\eric1\onedrive\escritorio\universidad\.tfg\copia_de_seguridad_mimikatz\guardado\mimikatz\NoTKaZ\x64\kull_m_rpc_ms-efsr_c.obj
c:\users\eric1\onedrive\escritorio\universidad\.tfg\copia_de_seguridad_mimikatz\guardado\mimikatz\NoTKaZ\x64\kull_m_rpc_ms-drsr_c.obj
c:\users\eric1\onedrive\escritorio\universidad\.tfg\copia_de_seguridad_mimikatz\guardado\mimikatz\NoTKaZ\x64\kull_m_rpc_ms-dcom_iobjectexporter_c.obj
c:\users\eric1\onedrive\escritorio\universidad\.tfg\copia_de_seguridad_mimikatz\guardado\mimikatz\NoTKaZ\x64\kull_m_rpc_ms-credentialkeys.obj
c:\users\eric1\onedrive\escritorio\universidad\.tfg\copia_de_seguridad_mimikatz\guardado\mimikatz\NoTKaZ\x64\kull_m_rpc_ms-claims.obj
c:\users\eric1\onedrive\escritorio\universidad\.tfg\copia_de_seguridad_mimikatz\guardado\mimikatz\NoTKaZ\x64\kull_m_rpc_ms-bkrp_c.obj
c:\users\eric1\onedrive\escritorio\universidad\.tfg\copia_de_seguridad_mimikatz\guardado\mimikatz\NoTKaZ\x64\kull_m_rpc_mimicom.obj
c:\users\eric1\onedrive\escritorio\universidad\.tfg\copia_de_seguridad_mimikatz\guardado\mimikatz\NoTKaZ\x64\kull_m_rpc_drsr.obj
c:\users\eric1\onedrive\escritorio\universidad\.tfg\copia_de_seguridad_mimikatz\guardado\mimikatz\NoTKaZ\x64\kull_m_rpc_dpapi-entries.obj
c:\users\eric1\onedrive\escritorio\universidad\.tfg\copia_de_seguridad_mimikatz\guardado\mimikatz\NoTKaZ\x64\kull_m_rpc_bkrp.obj
c:\users\eric1\onedrive\escritorio\universidad\.tfg\copia_de_seguridad_mimikatz\guardado\mimikatz\NoTKaZ\x64\kull_m_rpc.obj
c:\users\eric1\onedrive\escritorio\universidad\.tfg\copia_de_seguridad_mimikatz\guardado\mimikatz\NoTKaZ\x64\kull_m_sr98.obj
c:\users\eric1\onedrive\escritorio\universidad\.tfg\copia_de_seguridad_mimikatz\guardado\mimikatz\NoTKaZ\x64\kull_m_remotelib.obj
c:\users\eric1\onedrive\escritorio\universidad\.tfg\copia_de_seguridad_mimikatz\guardado\mimikatz\NoTKaZ\x64\kull_m_registry.obj
c:\users\eric1\onedrive\escritorio\universidad\.tfg\copia_de_seguridad_mimikatz\guardado\mimikatz\NoTKaZ\x64\kull_m_rdm.obj
c:\users\eric1\onedrive\escritorio\universidad\.tfg\copia_de_seguridad_mimikatz\guardado\mimikatz\NoTKaZ\x64\kull_m_process.obj
c:\users\eric1\onedrive\escritorio\universidad\.tfg\copia_de_seguridad_mimikatz\guardado\mimikatz\NoTKaZ\x64\kull_m_pn532.obj
c:\users\eric1\onedrive\escritorio\universidad\.tfg\copia_de_seguridad_mimikatz\guardado\mimikatz\NoTKaZ\x64\kull_m_pipe.obj
c:\users\eric1\onedrive\escritorio\universidad\.tfg\copia_de_seguridad_mimikatz\guardado\mimikatz\NoTKaZ\x64\kull_m_patch.obj
c:\users\eric1\onedrive\escritorio\universidad\.tfg\copia_de_seguridad_mimikatz\guardado\mimikatz\NoTKaZ\x64\NoTKaZ.tlog\cl.command.1.tlog
c:\users\eric1\onedrive\escritorio\universidad\.tfg\copia_de_seguridad_mimikatz\guardado\mimikatz\NoTKaZ\x64\NoTKaZ.tlog\cl.read.1.tlog
c:\users\eric1\onedrive\escritorio\universidad\.tfg\copia_de_seguridad_mimikatz\guardado\mimikatz\NoTKaZ\x64\NoTKaZ.tlog\cl.write.1.tlog
