c:\users\eric1\onedrive\escritorio\universidad\.tfg\copia_de_seguridad_mimikatz\githubtfg\notkaz\win32\vc143.pdb
c:\users\eric1\onedrive\escritorio\universidad\.tfg\copia_de_seguridad_mimikatz\githubtfg\notkaz\win32\kull_m_output.obj
c:\users\eric1\onedrive\escritorio\universidad\.tfg\copia_de_seguridad_mimikatz\githubtfg\notkaz\win32\kull_m_minidump.obj
c:\users\eric1\onedrive\escritorio\universidad\.tfg\copia_de_seguridad_mimikatz\githubtfg\notkaz\win32\kull_m_memory.obj
c:\users\eric1\onedrive\escritorio\universidad\.tfg\copia_de_seguridad_mimikatz\githubtfg\notkaz\win32\kull_m_net.obj
c:\users\eric1\onedrive\escritorio\universidad\.tfg\copia_de_seguridad_mimikatz\githubtfg\notkaz\win32\kull_m_ldap.obj
c:\users\eric1\onedrive\escritorio\universidad\.tfg\copia_de_seguridad_mimikatz\githubtfg\notkaz\win32\kull_m_key.obj
c:\users\eric1\onedrive\escritorio\universidad\.tfg\copia_de_seguridad_mimikatz\githubtfg\notkaz\win32\kull_m_kernel.obj
c:\users\eric1\onedrive\escritorio\universidad\.tfg\copia_de_seguridad_mimikatz\githubtfg\notkaz\win32\kull_m_hid.obj
c:\users\eric1\onedrive\escritorio\universidad\.tfg\copia_de_seguridad_mimikatz\githubtfg\notkaz\win32\kull_m_handle.obj
c:\users\eric1\onedrive\escritorio\universidad\.tfg\copia_de_seguridad_mimikatz\githubtfg\notkaz\win32\kull_m_file.obj
c:\users\eric1\onedrive\escritorio\universidad\.tfg\copia_de_seguridad_mimikatz\githubtfg\notkaz\win32\kull_m_dpapi.obj
c:\users\eric1\onedrive\escritorio\universidad\.tfg\copia_de_seguridad_mimikatz\githubtfg\notkaz\win32\kull_m_crypto_sk.obj
c:\users\eric1\onedrive\escritorio\universidad\.tfg\copia_de_seguridad_mimikatz\githubtfg\notkaz\win32\kull_m_crypto_remote.obj
c:\users\eric1\onedrive\escritorio\universidad\.tfg\copia_de_seguridad_mimikatz\githubtfg\notkaz\win32\kull_m_crypto_ngc.obj
c:\users\eric1\onedrive\escritorio\universidad\.tfg\copia_de_seguridad_mimikatz\githubtfg\notkaz\win32\kull_m_crypto.obj
c:\users\eric1\onedrive\escritorio\universidad\.tfg\copia_de_seguridad_mimikatz\githubtfg\notkaz\win32\kull_m_cred.obj
c:\users\eric1\onedrive\escritorio\universidad\.tfg\copia_de_seguridad_mimikatz\githubtfg\notkaz\win32\kull_m_cabinet.obj
c:\users\eric1\onedrive\escritorio\universidad\.tfg\copia_de_seguridad_mimikatz\githubtfg\notkaz\win32\kull_m_busylight.obj
c:\users\eric1\onedrive\escritorio\universidad\.tfg\copia_de_seguridad_mimikatz\githubtfg\notkaz\win32\kull_m_asn1.obj
c:\users\eric1\onedrive\escritorio\universidad\.tfg\copia_de_seguridad_mimikatz\githubtfg\notkaz\win32\kull_m_acr.obj
c:\users\eric1\onedrive\escritorio\universidad\.tfg\copia_de_seguridad_mimikatz\githubtfg\notkaz\win32\notkaz.tlog\cl.command.1.tlog
c:\users\eric1\onedrive\escritorio\universidad\.tfg\copia_de_seguridad_mimikatz\githubtfg\notkaz\win32\notkaz.tlog\cl.read.1.tlog
c:\users\eric1\onedrive\escritorio\universidad\.tfg\copia_de_seguridad_mimikatz\githubtfg\notkaz\win32\notkaz.tlog\cl.write.1.tlog
