c:\users\eric1\onedrive\escritorio\universidad\.tfg\copia_de_seguridad_mimikatz\githubtfg\mimilib\x64\vc141.pdb
c:\users\eric1\onedrive\escritorio\universidad\.tfg\copia_de_seguridad_mimikatz\githubtfg\mimilib\x64\utils.obj
c:\users\eric1\onedrive\escritorio\universidad\.tfg\copia_de_seguridad_mimikatz\githubtfg\mimilib\x64\kwindbg.obj
c:\users\eric1\onedrive\escritorio\universidad\.tfg\copia_de_seguridad_mimikatz\githubtfg\mimilib\x64\kull_m_rpc_ms-credentialkeys.obj
c:\users\eric1\onedrive\escritorio\universidad\.tfg\copia_de_seguridad_mimikatz\githubtfg\mimilib\x64\kull_m_rpc.obj
c:\users\eric1\onedrive\escritorio\universidad\.tfg\copia_de_seguridad_mimikatz\githubtfg\mimilib\x64\kuhl_m_sekurlsa_utils.obj
c:\users\eric1\onedrive\escritorio\universidad\.tfg\copia_de_seguridad_mimikatz\githubtfg\mimilib\x64\kuhl_m_sekurlsa_packages.obj
c:\users\eric1\onedrive\escritorio\universidad\.tfg\copia_de_seguridad_mimikatz\githubtfg\mimilib\x64\kuhl_m_sekurlsa_nt6.obj
c:\users\eric1\onedrive\escritorio\universidad\.tfg\copia_de_seguridad_mimikatz\githubtfg\mimilib\x64\kcredentialprovider.obj
c:\users\eric1\onedrive\escritorio\universidad\.tfg\copia_de_seguridad_mimikatz\githubtfg\mimilib\x64\ksub.obj
c:\users\eric1\onedrive\escritorio\universidad\.tfg\copia_de_seguridad_mimikatz\githubtfg\mimilib\x64\kssp.obj
c:\users\eric1\onedrive\escritorio\universidad\.tfg\copia_de_seguridad_mimikatz\githubtfg\mimilib\x64\knp.obj
c:\users\eric1\onedrive\escritorio\universidad\.tfg\copia_de_seguridad_mimikatz\githubtfg\mimilib\x64\kfilt.obj
c:\users\eric1\onedrive\escritorio\universidad\.tfg\copia_de_seguridad_mimikatz\githubtfg\mimilib\x64\kdns.obj
c:\users\eric1\onedrive\escritorio\universidad\.tfg\copia_de_seguridad_mimikatz\githubtfg\mimilib\x64\kdhcp.obj
c:\users\eric1\onedrive\escritorio\universidad\.tfg\copia_de_seguridad_mimikatz\githubtfg\mimilib\x64\kappfree.obj
c:\users\eric1\onedrive\escritorio\universidad\.tfg\copia_de_seguridad_mimikatz\githubtfg\mimilib\x64\api_resolver.obj
c:\users\eric1\onedrive\escritorio\universidad\.tfg\copia_de_seguridad_mimikatz\githubtfg\x64\mimilib.dll
c:\users\eric1\onedrive\escritorio\universidad\.tfg\copia_de_seguridad_mimikatz\githubtfg\x64\mimilib.lib
c:\users\eric1\onedrive\escritorio\universidad\.tfg\copia_de_seguridad_mimikatz\githubtfg\x64\mimilib.exp
c:\users\eric1\onedrive\escritorio\universidad\.tfg\copia_de_seguridad_mimikatz\githubtfg\mimilib\x64\mimilib.res
c:\users\eric1\onedrive\escritorio\universidad\.tfg\copia_de_seguridad_mimikatz\githubtfg\mimilib\x64\mimilib.tlog\cl.command.1.tlog
c:\users\eric1\onedrive\escritorio\universidad\.tfg\copia_de_seguridad_mimikatz\githubtfg\mimilib\x64\mimilib.tlog\cl.read.1.tlog
c:\users\eric1\onedrive\escritorio\universidad\.tfg\copia_de_seguridad_mimikatz\githubtfg\mimilib\x64\mimilib.tlog\cl.write.1.tlog
c:\users\eric1\onedrive\escritorio\universidad\.tfg\copia_de_seguridad_mimikatz\githubtfg\mimilib\x64\mimilib.tlog\link.command.1.tlog
c:\users\eric1\onedrive\escritorio\universidad\.tfg\copia_de_seguridad_mimikatz\githubtfg\mimilib\x64\mimilib.tlog\link.read.1.tlog
c:\users\eric1\onedrive\escritorio\universidad\.tfg\copia_de_seguridad_mimikatz\githubtfg\mimilib\x64\mimilib.tlog\link.write.1.tlog
c:\users\eric1\onedrive\escritorio\universidad\.tfg\copia_de_seguridad_mimikatz\githubtfg\mimilib\x64\mimilib.tlog\mimilib.write.1u.tlog
c:\users\eric1\onedrive\escritorio\universidad\.tfg\copia_de_seguridad_mimikatz\githubtfg\mimilib\x64\mimilib.tlog\rc.command.1.tlog
c:\users\eric1\onedrive\escritorio\universidad\.tfg\copia_de_seguridad_mimikatz\githubtfg\mimilib\x64\mimilib.tlog\rc.read.1.tlog
c:\users\eric1\onedrive\escritorio\universidad\.tfg\copia_de_seguridad_mimikatz\githubtfg\mimilib\x64\mimilib.tlog\rc.write.1.tlog
