c:\users\eric1\onedrive\escritorio\universidad\.tfg\notkaz\notkaz\mimispool\win32\vc141.pdb
c:\users\eric1\onedrive\escritorio\universidad\.tfg\notkaz\notkaz\mimispool\win32\mimispool.obj
c:\users\eric1\onedrive\escritorio\universidad\.tfg\mimikatz\mimikatz\mimispool\win32\vc141.pdb
c:\users\eric1\onedrive\escritorio\universidad\.tfg\mimikatz\mimikatz\mimispool\win32\mimispool.obj
c:\users\eric1\onedrive\escritorio\universidad\.tfg\notkaz\notkaz\win32\mimispool.dll
c:\users\eric1\onedrive\escritorio\universidad\.tfg\mimikatz\mimikatz\win32\mimispool.dll
c:\users\eric1\onedrive\escritorio\universidad\.tfg\notkaz\notkaz\win32\mimispool.lib
c:\users\eric1\onedrive\escritorio\universidad\.tfg\notkaz\notkaz\win32\mimispool.exp
c:\users\eric1\onedrive\escritorio\universidad\.tfg\mimikatz\mimikatz\win32\mimispool.lib
c:\users\eric1\onedrive\escritorio\universidad\.tfg\mimikatz\mimikatz\win32\mimispool.exp
c:\users\eric1\onedrive\escritorio\universidad\.tfg\notkaz\notkaz\mimispool\win32\mimispool.res
c:\users\eric1\onedrive\escritorio\universidad\.tfg\mimikatz\mimikatz\mimispool\win32\mimispool.res
c:\users\eric1\onedrive\escritorio\universidad\.tfg\copia_de_seguridad_mimikatz\githubtfg\mimispool\win32\mimispool.obj
c:\users\eric1\onedrive\escritorio\universidad\.tfg\copia_de_seguridad_mimikatz\githubtfg\mimispool\win32\mimispool.res
c:\users\eric1\onedrive\escritorio\universidad\.tfg\copia_de_seguridad_mimikatz\githubtfg\mimispool\win32\vc141.pdb
c:\users\eric1\onedrive\escritorio\universidad\.tfg\copia_de_seguridad_mimikatz\githubtfg\win32\mimispool.dll
c:\users\eric1\onedrive\escritorio\universidad\.tfg\copia_de_seguridad_mimikatz\githubtfg\mimispool\win32\mimispool.tlog\cl.command.1.tlog
c:\users\eric1\onedrive\escritorio\universidad\.tfg\copia_de_seguridad_mimikatz\githubtfg\mimispool\win32\mimispool.tlog\cl.read.1.tlog
c:\users\eric1\onedrive\escritorio\universidad\.tfg\copia_de_seguridad_mimikatz\githubtfg\mimispool\win32\mimispool.tlog\cl.write.1.tlog
c:\users\eric1\onedrive\escritorio\universidad\.tfg\copia_de_seguridad_mimikatz\githubtfg\mimispool\win32\mimispool.tlog\link.command.1.tlog
c:\users\eric1\onedrive\escritorio\universidad\.tfg\copia_de_seguridad_mimikatz\githubtfg\mimispool\win32\mimispool.tlog\link.delete.1.tlog
c:\users\eric1\onedrive\escritorio\universidad\.tfg\copia_de_seguridad_mimikatz\githubtfg\mimispool\win32\mimispool.tlog\link.read.1.tlog
c:\users\eric1\onedrive\escritorio\universidad\.tfg\copia_de_seguridad_mimikatz\githubtfg\mimispool\win32\mimispool.tlog\link.write.1.tlog
c:\users\eric1\onedrive\escritorio\universidad\.tfg\copia_de_seguridad_mimikatz\githubtfg\mimispool\win32\mimispool.tlog\mimispool.write.1u.tlog
c:\users\eric1\onedrive\escritorio\universidad\.tfg\copia_de_seguridad_mimikatz\githubtfg\mimispool\win32\mimispool.tlog\rc.command.1.tlog
c:\users\eric1\onedrive\escritorio\universidad\.tfg\copia_de_seguridad_mimikatz\githubtfg\mimispool\win32\mimispool.tlog\rc.read.1.tlog
c:\users\eric1\onedrive\escritorio\universidad\.tfg\copia_de_seguridad_mimikatz\githubtfg\mimispool\win32\mimispool.tlog\rc.write.1.tlog
