c:\users\eric1\onedrive\escritorio\universidad\.tfg\notkaz\notkaz\mimilib\win32\vc141.pdb
c:\users\eric1\onedrive\escritorio\universidad\.tfg\notkaz\notkaz\mimilib\win32\utils.obj
c:\users\eric1\onedrive\escritorio\universidad\.tfg\notkaz\notkaz\mimilib\win32\kwindbg.obj
c:\users\eric1\onedrive\escritorio\universidad\.tfg\notkaz\notkaz\mimilib\win32\kull_m_rpc_ms-credentialkeys.obj
c:\users\eric1\onedrive\escritorio\universidad\.tfg\notkaz\notkaz\mimilib\win32\kull_m_rpc.obj
c:\users\eric1\onedrive\escritorio\universidad\.tfg\notkaz\notkaz\mimilib\win32\kuhl_m_sekurlsa_utils.obj
c:\users\eric1\onedrive\escritorio\universidad\.tfg\notkaz\notkaz\mimilib\win32\kuhl_m_sekurlsa_packages.obj
c:\users\eric1\onedrive\escritorio\universidad\.tfg\notkaz\notkaz\mimilib\win32\kuhl_m_sekurlsa_nt6.obj
c:\users\eric1\onedrive\escritorio\universidad\.tfg\notkaz\notkaz\mimilib\win32\kcredentialprovider.obj
c:\users\eric1\onedrive\escritorio\universidad\.tfg\notkaz\notkaz\mimilib\win32\ksub.obj
c:\users\eric1\onedrive\escritorio\universidad\.tfg\notkaz\notkaz\mimilib\win32\kssp.obj
c:\users\eric1\onedrive\escritorio\universidad\.tfg\notkaz\notkaz\mimilib\win32\knp.obj
c:\users\eric1\onedrive\escritorio\universidad\.tfg\notkaz\notkaz\mimilib\win32\kfilt.obj
c:\users\eric1\onedrive\escritorio\universidad\.tfg\notkaz\notkaz\mimilib\win32\kdns.obj
c:\users\eric1\onedrive\escritorio\universidad\.tfg\notkaz\notkaz\mimilib\win32\kdhcp.obj
c:\users\eric1\onedrive\escritorio\universidad\.tfg\notkaz\notkaz\mimilib\win32\kappfree.obj
c:\users\eric1\onedrive\escritorio\universidad\.tfg\mimikatz\mimikatz\mimilib\win32\vc141.pdb
c:\users\eric1\onedrive\escritorio\universidad\.tfg\mimikatz\mimikatz\mimilib\win32\utils.obj
c:\users\eric1\onedrive\escritorio\universidad\.tfg\mimikatz\mimikatz\mimilib\win32\kwindbg.obj
c:\users\eric1\onedrive\escritorio\universidad\.tfg\mimikatz\mimikatz\mimilib\win32\kull_m_rpc_ms-credentialkeys.obj
c:\users\eric1\onedrive\escritorio\universidad\.tfg\mimikatz\mimikatz\mimilib\win32\kull_m_rpc.obj
c:\users\eric1\onedrive\escritorio\universidad\.tfg\mimikatz\mimikatz\mimilib\win32\kuhl_m_sekurlsa_utils.obj
c:\users\eric1\onedrive\escritorio\universidad\.tfg\mimikatz\mimikatz\mimilib\win32\kuhl_m_sekurlsa_packages.obj
c:\users\eric1\onedrive\escritorio\universidad\.tfg\mimikatz\mimikatz\mimilib\win32\kuhl_m_sekurlsa_nt6.obj
c:\users\eric1\onedrive\escritorio\universidad\.tfg\mimikatz\mimikatz\mimilib\win32\kcredentialprovider.obj
c:\users\eric1\onedrive\escritorio\universidad\.tfg\mimikatz\mimikatz\mimilib\win32\ksub.obj
c:\users\eric1\onedrive\escritorio\universidad\.tfg\mimikatz\mimikatz\mimilib\win32\kssp.obj
c:\users\eric1\onedrive\escritorio\universidad\.tfg\mimikatz\mimikatz\mimilib\win32\knp.obj
c:\users\eric1\onedrive\escritorio\universidad\.tfg\mimikatz\mimikatz\mimilib\win32\kfilt.obj
c:\users\eric1\onedrive\escritorio\universidad\.tfg\mimikatz\mimikatz\mimilib\win32\kdns.obj
c:\users\eric1\onedrive\escritorio\universidad\.tfg\mimikatz\mimikatz\mimilib\win32\kdhcp.obj
c:\users\eric1\onedrive\escritorio\universidad\.tfg\mimikatz\mimikatz\mimilib\win32\kappfree.obj
c:\users\eric1\onedrive\escritorio\universidad\.tfg\notkaz\notkaz\win32\mimilib.dll
c:\users\eric1\onedrive\escritorio\universidad\.tfg\mimikatz\mimikatz\win32\mimilib.dll
c:\users\eric1\onedrive\escritorio\universidad\.tfg\notkaz\notkaz\win32\mimilib.lib
c:\users\eric1\onedrive\escritorio\universidad\.tfg\notkaz\notkaz\win32\mimilib.exp
c:\users\eric1\onedrive\escritorio\universidad\.tfg\mimikatz\mimikatz\win32\mimilib.lib
c:\users\eric1\onedrive\escritorio\universidad\.tfg\mimikatz\mimikatz\win32\mimilib.exp
c:\users\eric1\onedrive\escritorio\universidad\.tfg\notkaz\notkaz\mimilib\win32\mimilib.res
c:\users\eric1\onedrive\escritorio\universidad\.tfg\mimikatz\mimikatz\mimilib\win32\mimilib.res
c:\users\eric1\onedrive\escritorio\universidad\.tfg\copia_de_seguridad_mimikatz\githubtfg\mimilib\win32\kappfree.obj
c:\users\eric1\onedrive\escritorio\universidad\.tfg\copia_de_seguridad_mimikatz\githubtfg\mimilib\win32\kcredentialprovider.obj
c:\users\eric1\onedrive\escritorio\universidad\.tfg\copia_de_seguridad_mimikatz\githubtfg\mimilib\win32\kdhcp.obj
c:\users\eric1\onedrive\escritorio\universidad\.tfg\copia_de_seguridad_mimikatz\githubtfg\mimilib\win32\kdns.obj
c:\users\eric1\onedrive\escritorio\universidad\.tfg\copia_de_seguridad_mimikatz\githubtfg\mimilib\win32\kfilt.obj
c:\users\eric1\onedrive\escritorio\universidad\.tfg\copia_de_seguridad_mimikatz\githubtfg\mimilib\win32\knp.obj
c:\users\eric1\onedrive\escritorio\universidad\.tfg\copia_de_seguridad_mimikatz\githubtfg\mimilib\win32\kssp.obj
c:\users\eric1\onedrive\escritorio\universidad\.tfg\copia_de_seguridad_mimikatz\githubtfg\mimilib\win32\ksub.obj
c:\users\eric1\onedrive\escritorio\universidad\.tfg\copia_de_seguridad_mimikatz\githubtfg\mimilib\win32\kuhl_m_sekurlsa_nt6.obj
c:\users\eric1\onedrive\escritorio\universidad\.tfg\copia_de_seguridad_mimikatz\githubtfg\mimilib\win32\kuhl_m_sekurlsa_packages.obj
c:\users\eric1\onedrive\escritorio\universidad\.tfg\copia_de_seguridad_mimikatz\githubtfg\mimilib\win32\kuhl_m_sekurlsa_utils.obj
c:\users\eric1\onedrive\escritorio\universidad\.tfg\copia_de_seguridad_mimikatz\githubtfg\mimilib\win32\kull_m_rpc.obj
c:\users\eric1\onedrive\escritorio\universidad\.tfg\copia_de_seguridad_mimikatz\githubtfg\mimilib\win32\kull_m_rpc_ms-credentialkeys.obj
c:\users\eric1\onedrive\escritorio\universidad\.tfg\copia_de_seguridad_mimikatz\githubtfg\mimilib\win32\kwindbg.obj
c:\users\eric1\onedrive\escritorio\universidad\.tfg\copia_de_seguridad_mimikatz\githubtfg\mimilib\win32\utils.obj
c:\users\eric1\onedrive\escritorio\universidad\.tfg\copia_de_seguridad_mimikatz\githubtfg\mimilib\win32\mimilib.res
c:\users\eric1\onedrive\escritorio\universidad\.tfg\copia_de_seguridad_mimikatz\githubtfg\mimilib\win32\vc141.pdb
c:\users\eric1\onedrive\escritorio\universidad\.tfg\copia_de_seguridad_mimikatz\githubtfg\win32\mimilib.dll
c:\users\eric1\onedrive\escritorio\universidad\.tfg\copia_de_seguridad_mimikatz\githubtfg\mimilib\win32\mimilib.tlog\cl.command.1.tlog
c:\users\eric1\onedrive\escritorio\universidad\.tfg\copia_de_seguridad_mimikatz\githubtfg\mimilib\win32\mimilib.tlog\cl.read.1.tlog
c:\users\eric1\onedrive\escritorio\universidad\.tfg\copia_de_seguridad_mimikatz\githubtfg\mimilib\win32\mimilib.tlog\cl.write.1.tlog
c:\users\eric1\onedrive\escritorio\universidad\.tfg\copia_de_seguridad_mimikatz\githubtfg\mimilib\win32\mimilib.tlog\link.command.1.tlog
c:\users\eric1\onedrive\escritorio\universidad\.tfg\copia_de_seguridad_mimikatz\githubtfg\mimilib\win32\mimilib.tlog\link.delete.1.tlog
c:\users\eric1\onedrive\escritorio\universidad\.tfg\copia_de_seguridad_mimikatz\githubtfg\mimilib\win32\mimilib.tlog\link.read.1.tlog
c:\users\eric1\onedrive\escritorio\universidad\.tfg\copia_de_seguridad_mimikatz\githubtfg\mimilib\win32\mimilib.tlog\link.write.1.tlog
c:\users\eric1\onedrive\escritorio\universidad\.tfg\copia_de_seguridad_mimikatz\githubtfg\mimilib\win32\mimilib.tlog\mimilib.write.1u.tlog
c:\users\eric1\onedrive\escritorio\universidad\.tfg\copia_de_seguridad_mimikatz\githubtfg\mimilib\win32\mimilib.tlog\rc.command.1.tlog
c:\users\eric1\onedrive\escritorio\universidad\.tfg\copia_de_seguridad_mimikatz\githubtfg\mimilib\win32\mimilib.tlog\rc.read.1.tlog
c:\users\eric1\onedrive\escritorio\universidad\.tfg\copia_de_seguridad_mimikatz\githubtfg\mimilib\win32\mimilib.tlog\rc.write.1.tlog
